E:\CODING\PROGRAMMS\DATA_STRUCTURE\LINKLIST\DEBUG\SOURCE.OBJ
E:\CODING\PROGRAMMS\DATA_STRUCTURE\LINKLIST\DEBUG\VC110.PDB
E:\CODING\PROGRAMMS\DATA_STRUCTURE\DEBUG\LINKLIST.ILK
E:\CODING\PROGRAMMS\DATA_STRUCTURE\DEBUG\LINKLIST.EXE
E:\CODING\PROGRAMMS\DATA_STRUCTURE\DEBUG\LINKLIST.PDB
E:\Coding\Programms\Data_structure\linklist\Debug\Source.obj
E:\Coding\Programms\Data_structure\linklist\Debug\cl.command.1.tlog
E:\Coding\Programms\Data_structure\linklist\Debug\CL.read.1.tlog
E:\Coding\Programms\Data_structure\linklist\Debug\CL.write.1.tlog
E:\Coding\Programms\Data_structure\linklist\Debug\link-cvtres.read.1.tlog
E:\Coding\Programms\Data_structure\linklist\Debug\link-cvtres.write.1.tlog
E:\Coding\Programms\Data_structure\linklist\Debug\link-rc.read.1.tlog
E:\Coding\Programms\Data_structure\linklist\Debug\link-rc.write.1.tlog
E:\Coding\Programms\Data_structure\linklist\Debug\link.command.1.tlog
E:\Coding\Programms\Data_structure\linklist\Debug\link.read.1.tlog
E:\Coding\Programms\Data_structure\linklist\Debug\link.write.1.tlog
E:\Coding\Programms\Data_structure\linklist\Debug\vc110.idb
E:\Coding\Programms\Data_structure\linklist\Debug\vc110.pdb
E:\Coding\Programms\Data_structure\Debug\linklist.pdb
E:\Coding\Programms\Data_structure\Debug\linklist.exe
E:\Coding\Programms\Data_structure\Debug\linklist.ilk
