E:\CODING\PROGRAMMS\DATA_STRUCTURE\SORTING\DEBUG\SOURCE.OBJ
E:\CODING\PROGRAMMS\DATA_STRUCTURE\SORTING\DEBUG\VC110.PDB
E:\CODING\PROGRAMMS\DATA_STRUCTURE\DEBUG\SORTING.ILK
E:\CODING\PROGRAMMS\DATA_STRUCTURE\DEBUG\SORTING.EXE
E:\CODING\PROGRAMMS\DATA_STRUCTURE\DEBUG\SORTING.PDB
E:\Coding\Programms\Data_structure\sorting\Debug\Source.obj
E:\Coding\Programms\Data_structure\sorting\Debug\cl.command.1.tlog
E:\Coding\Programms\Data_structure\sorting\Debug\CL.read.1.tlog
E:\Coding\Programms\Data_structure\sorting\Debug\CL.write.1.tlog
E:\Coding\Programms\Data_structure\sorting\Debug\link-cvtres.read.1.tlog
E:\Coding\Programms\Data_structure\sorting\Debug\link-cvtres.write.1.tlog
E:\Coding\Programms\Data_structure\sorting\Debug\link-rc.read.1.tlog
E:\Coding\Programms\Data_structure\sorting\Debug\link-rc.write.1.tlog
E:\Coding\Programms\Data_structure\sorting\Debug\link.4572-cvtres.read.1.tlog
E:\Coding\Programms\Data_structure\sorting\Debug\link.4572-cvtres.write.1.tlog
E:\Coding\Programms\Data_structure\sorting\Debug\link.4572-rc.read.1.tlog
E:\Coding\Programms\Data_structure\sorting\Debug\link.4572-rc.write.1.tlog
E:\Coding\Programms\Data_structure\sorting\Debug\link.4572.read.1.tlog
E:\Coding\Programms\Data_structure\sorting\Debug\link.4572.write.1.tlog
E:\Coding\Programms\Data_structure\sorting\Debug\link.command.1.tlog
E:\Coding\Programms\Data_structure\sorting\Debug\link.read.1.tlog
E:\Coding\Programms\Data_structure\sorting\Debug\link.write.1.tlog
E:\Coding\Programms\Data_structure\sorting\Debug\vc110.idb
E:\Coding\Programms\Data_structure\sorting\Debug\vc110.pdb
E:\Coding\Programms\Data_structure\Debug\sorting.pdb
E:\Coding\Programms\Data_structure\Debug\sorting.exe
E:\Coding\Programms\Data_structure\Debug\sorting.ilk
