E:\CODING\PROGRAMMS\DATA_STRUCTURE\ARRAY\DEBUG\VC110.PDB
E:\CODING\PROGRAMMS\DATA_STRUCTURE\ARRAY\DEBUG\SOURCE.OBJ
E:\CODING\PROGRAMMS\DATA_STRUCTURE\DEBUG\ARRAY.ILK
E:\CODING\PROGRAMMS\DATA_STRUCTURE\DEBUG\ARRAY.EXE
E:\CODING\PROGRAMMS\DATA_STRUCTURE\DEBUG\ARRAY.PDB
E:\Coding\Programms\Data_structure\array\Debug\Source.obj
E:\Coding\Programms\Data_structure\array\Debug\cl.command.1.tlog
E:\Coding\Programms\Data_structure\array\Debug\CL.read.1.tlog
E:\Coding\Programms\Data_structure\array\Debug\CL.write.1.tlog
E:\Coding\Programms\Data_structure\array\Debug\link-cvtres.read.1.tlog
E:\Coding\Programms\Data_structure\array\Debug\link-cvtres.write.1.tlog
E:\Coding\Programms\Data_structure\array\Debug\link-rc.read.1.tlog
E:\Coding\Programms\Data_structure\array\Debug\link-rc.write.1.tlog
E:\Coding\Programms\Data_structure\array\Debug\link.1264-cvtres.read.1.tlog
E:\Coding\Programms\Data_structure\array\Debug\link.1264-cvtres.write.1.tlog
E:\Coding\Programms\Data_structure\array\Debug\link.1264-rc.read.1.tlog
E:\Coding\Programms\Data_structure\array\Debug\link.1264-rc.write.1.tlog
E:\Coding\Programms\Data_structure\array\Debug\link.1264.read.1.tlog
E:\Coding\Programms\Data_structure\array\Debug\link.1264.write.1.tlog
E:\Coding\Programms\Data_structure\array\Debug\link.2756-cvtres.read.1.tlog
E:\Coding\Programms\Data_structure\array\Debug\link.2756-cvtres.write.1.tlog
E:\Coding\Programms\Data_structure\array\Debug\link.2756-rc.read.1.tlog
E:\Coding\Programms\Data_structure\array\Debug\link.2756-rc.write.1.tlog
E:\Coding\Programms\Data_structure\array\Debug\link.2756.read.1.tlog
E:\Coding\Programms\Data_structure\array\Debug\link.2756.write.1.tlog
E:\Coding\Programms\Data_structure\array\Debug\link.340-cvtres.read.1.tlog
E:\Coding\Programms\Data_structure\array\Debug\link.340-cvtres.write.1.tlog
E:\Coding\Programms\Data_structure\array\Debug\link.340-rc.read.1.tlog
E:\Coding\Programms\Data_structure\array\Debug\link.340-rc.write.1.tlog
E:\Coding\Programms\Data_structure\array\Debug\link.340.read.1.tlog
E:\Coding\Programms\Data_structure\array\Debug\link.340.write.1.tlog
E:\Coding\Programms\Data_structure\array\Debug\link.3796-cvtres.read.1.tlog
E:\Coding\Programms\Data_structure\array\Debug\link.3796-cvtres.write.1.tlog
E:\Coding\Programms\Data_structure\array\Debug\link.3796-rc.read.1.tlog
E:\Coding\Programms\Data_structure\array\Debug\link.3796-rc.write.1.tlog
E:\Coding\Programms\Data_structure\array\Debug\link.3796.read.1.tlog
E:\Coding\Programms\Data_structure\array\Debug\link.3796.write.1.tlog
E:\Coding\Programms\Data_structure\array\Debug\link.4700-cvtres.read.1.tlog
E:\Coding\Programms\Data_structure\array\Debug\link.4700-cvtres.write.1.tlog
E:\Coding\Programms\Data_structure\array\Debug\link.4700-rc.read.1.tlog
E:\Coding\Programms\Data_structure\array\Debug\link.4700-rc.write.1.tlog
E:\Coding\Programms\Data_structure\array\Debug\link.4700.read.1.tlog
E:\Coding\Programms\Data_structure\array\Debug\link.4700.write.1.tlog
E:\Coding\Programms\Data_structure\array\Debug\link.4864-cvtres.read.1.tlog
E:\Coding\Programms\Data_structure\array\Debug\link.4864-cvtres.write.1.tlog
E:\Coding\Programms\Data_structure\array\Debug\link.4864-rc.read.1.tlog
E:\Coding\Programms\Data_structure\array\Debug\link.4864-rc.write.1.tlog
E:\Coding\Programms\Data_structure\array\Debug\link.4864.read.1.tlog
E:\Coding\Programms\Data_structure\array\Debug\link.4864.write.1.tlog
E:\Coding\Programms\Data_structure\array\Debug\link.command.1.tlog
E:\Coding\Programms\Data_structure\array\Debug\link.read.1.tlog
E:\Coding\Programms\Data_structure\array\Debug\link.write.1.tlog
E:\Coding\Programms\Data_structure\array\Debug\vc110.idb
E:\Coding\Programms\Data_structure\array\Debug\vc110.pdb
E:\Coding\Programms\Data_structure\Debug\array.pdb
E:\Coding\Programms\Data_structure\Debug\array.exe
E:\Coding\Programms\Data_structure\Debug\array.ilk
