E:\CODING\PROGRAMMS\DATA_STRUCTURE\ARRAY_PRAC\DEBUG\SOURCE.OBJ
E:\CODING\PROGRAMMS\DATA_STRUCTURE\ARRAY_PRAC\DEBUG\VC110.PDB
E:\CODING\PROGRAMMS\DATA_STRUCTURE\DEBUG\ARRAY_PRAC.ILK
E:\CODING\PROGRAMMS\DATA_STRUCTURE\DEBUG\ARRAY_PRAC.EXE
E:\CODING\PROGRAMMS\DATA_STRUCTURE\DEBUG\ARRAY_PRAC.PDB
E:\Coding\Programms\Data_structure\array_prac\Debug\Source.obj
E:\Coding\Programms\Data_structure\array_prac\Debug\cl.command.1.tlog
E:\Coding\Programms\Data_structure\array_prac\Debug\CL.read.1.tlog
E:\Coding\Programms\Data_structure\array_prac\Debug\CL.write.1.tlog
E:\Coding\Programms\Data_structure\array_prac\Debug\link-cvtres.read.1.tlog
E:\Coding\Programms\Data_structure\array_prac\Debug\link-cvtres.write.1.tlog
E:\Coding\Programms\Data_structure\array_prac\Debug\link-rc.read.1.tlog
E:\Coding\Programms\Data_structure\array_prac\Debug\link-rc.write.1.tlog
E:\Coding\Programms\Data_structure\array_prac\Debug\link.1144-cvtres.read.1.tlog
E:\Coding\Programms\Data_structure\array_prac\Debug\link.1144-cvtres.write.1.tlog
E:\Coding\Programms\Data_structure\array_prac\Debug\link.1144-rc.read.1.tlog
E:\Coding\Programms\Data_structure\array_prac\Debug\link.1144-rc.write.1.tlog
E:\Coding\Programms\Data_structure\array_prac\Debug\link.1144.read.1.tlog
E:\Coding\Programms\Data_structure\array_prac\Debug\link.1144.write.1.tlog
E:\Coding\Programms\Data_structure\array_prac\Debug\link.2372-cvtres.read.1.tlog
E:\Coding\Programms\Data_structure\array_prac\Debug\link.2372-cvtres.write.1.tlog
E:\Coding\Programms\Data_structure\array_prac\Debug\link.2372-rc.read.1.tlog
E:\Coding\Programms\Data_structure\array_prac\Debug\link.2372-rc.write.1.tlog
E:\Coding\Programms\Data_structure\array_prac\Debug\link.2372.read.1.tlog
E:\Coding\Programms\Data_structure\array_prac\Debug\link.2372.write.1.tlog
E:\Coding\Programms\Data_structure\array_prac\Debug\link.5112-cvtres.read.1.tlog
E:\Coding\Programms\Data_structure\array_prac\Debug\link.5112-cvtres.write.1.tlog
E:\Coding\Programms\Data_structure\array_prac\Debug\link.5112-rc.read.1.tlog
E:\Coding\Programms\Data_structure\array_prac\Debug\link.5112-rc.write.1.tlog
E:\Coding\Programms\Data_structure\array_prac\Debug\link.5112.read.1.tlog
E:\Coding\Programms\Data_structure\array_prac\Debug\link.5112.write.1.tlog
E:\Coding\Programms\Data_structure\array_prac\Debug\link.636-cvtres.read.1.tlog
E:\Coding\Programms\Data_structure\array_prac\Debug\link.636-cvtres.write.1.tlog
E:\Coding\Programms\Data_structure\array_prac\Debug\link.636-rc.read.1.tlog
E:\Coding\Programms\Data_structure\array_prac\Debug\link.636-rc.write.1.tlog
E:\Coding\Programms\Data_structure\array_prac\Debug\link.636.read.1.tlog
E:\Coding\Programms\Data_structure\array_prac\Debug\link.636.write.1.tlog
E:\Coding\Programms\Data_structure\array_prac\Debug\link.command.1.tlog
E:\Coding\Programms\Data_structure\array_prac\Debug\link.read.1.tlog
E:\Coding\Programms\Data_structure\array_prac\Debug\link.write.1.tlog
E:\Coding\Programms\Data_structure\array_prac\Debug\vc110.idb
E:\Coding\Programms\Data_structure\array_prac\Debug\vc110.pdb
E:\Coding\Programms\Data_structure\Debug\array_prac.pdb
E:\Coding\Programms\Data_structure\Debug\array_prac.exe
E:\Coding\Programms\Data_structure\Debug\array_prac.ilk
