E:\CODING\PROGRAMMS\DATA_STRUCTURE\STRING\DEBUG\SOURCE.OBJ
E:\CODING\PROGRAMMS\DATA_STRUCTURE\STRING\DEBUG\VC110.PDB
E:\CODING\PROGRAMMS\DATA_STRUCTURE\DEBUG\STRING.ILK
E:\CODING\PROGRAMMS\DATA_STRUCTURE\DEBUG\STRING.EXE
E:\CODING\PROGRAMMS\DATA_STRUCTURE\DEBUG\STRING.PDB
E:\Coding\Programms\Data_structure\string\Debug\Source.obj
E:\Coding\Programms\Data_structure\string\Debug\cl.command.1.tlog
E:\Coding\Programms\Data_structure\string\Debug\CL.read.1.tlog
E:\Coding\Programms\Data_structure\string\Debug\CL.write.1.tlog
E:\Coding\Programms\Data_structure\string\Debug\link-cvtres.read.1.tlog
E:\Coding\Programms\Data_structure\string\Debug\link-cvtres.write.1.tlog
E:\Coding\Programms\Data_structure\string\Debug\link-rc.read.1.tlog
E:\Coding\Programms\Data_structure\string\Debug\link-rc.write.1.tlog
E:\Coding\Programms\Data_structure\string\Debug\link.command.1.tlog
E:\Coding\Programms\Data_structure\string\Debug\link.read.1.tlog
E:\Coding\Programms\Data_structure\string\Debug\link.write.1.tlog
E:\Coding\Programms\Data_structure\string\Debug\vc110.idb
E:\Coding\Programms\Data_structure\string\Debug\vc110.pdb
E:\Coding\Programms\Data_structure\Debug\string.pdb
E:\Coding\Programms\Data_structure\Debug\string.exe
E:\Coding\Programms\Data_structure\Debug\string.ilk
