E:\CODING\PROGRAMMS\DATA_STRUCTURE\STACK\DEBUG\SOURCE.OBJ
E:\CODING\PROGRAMMS\DATA_STRUCTURE\STACK\DEBUG\VC110.PDB
E:\CODING\PROGRAMMS\DATA_STRUCTURE\DEBUG\STACK.ILK
E:\CODING\PROGRAMMS\DATA_STRUCTURE\DEBUG\STACK.EXE
E:\CODING\PROGRAMMS\DATA_STRUCTURE\DEBUG\STACK.PDB
E:\Coding\Programms\Data_structure\stack\Debug\Source.obj
E:\Coding\Programms\Data_structure\stack\Debug\cl.command.1.tlog
E:\Coding\Programms\Data_structure\stack\Debug\CL.read.1.tlog
E:\Coding\Programms\Data_structure\stack\Debug\CL.write.1.tlog
E:\Coding\Programms\Data_structure\stack\Debug\link-cvtres.read.1.tlog
E:\Coding\Programms\Data_structure\stack\Debug\link-cvtres.write.1.tlog
E:\Coding\Programms\Data_structure\stack\Debug\link-rc.read.1.tlog
E:\Coding\Programms\Data_structure\stack\Debug\link-rc.write.1.tlog
E:\Coding\Programms\Data_structure\stack\Debug\link.1340-cvtres.read.1.tlog
E:\Coding\Programms\Data_structure\stack\Debug\link.1340-cvtres.write.1.tlog
E:\Coding\Programms\Data_structure\stack\Debug\link.1340-rc.read.1.tlog
E:\Coding\Programms\Data_structure\stack\Debug\link.1340-rc.write.1.tlog
E:\Coding\Programms\Data_structure\stack\Debug\link.1340.read.1.tlog
E:\Coding\Programms\Data_structure\stack\Debug\link.1340.write.1.tlog
E:\Coding\Programms\Data_structure\stack\Debug\link.4088-cvtres.read.1.tlog
E:\Coding\Programms\Data_structure\stack\Debug\link.4088-cvtres.write.1.tlog
E:\Coding\Programms\Data_structure\stack\Debug\link.4088-rc.read.1.tlog
E:\Coding\Programms\Data_structure\stack\Debug\link.4088-rc.write.1.tlog
E:\Coding\Programms\Data_structure\stack\Debug\link.4088.read.1.tlog
E:\Coding\Programms\Data_structure\stack\Debug\link.4088.write.1.tlog
E:\Coding\Programms\Data_structure\stack\Debug\link.command.1.tlog
E:\Coding\Programms\Data_structure\stack\Debug\link.read.1.tlog
E:\Coding\Programms\Data_structure\stack\Debug\link.write.1.tlog
E:\Coding\Programms\Data_structure\stack\Debug\vc110.idb
E:\Coding\Programms\Data_structure\stack\Debug\vc110.pdb
E:\Coding\Programms\Data_structure\Debug\stack.pdb
E:\Coding\Programms\Data_structure\Debug\stack.exe
E:\Coding\Programms\Data_structure\Debug\stack.ilk
