E:\CODING\PROGRAMMS\DATA_STRUCTURE\BST\DEBUG\SOURCE.OBJ
E:\CODING\PROGRAMMS\DATA_STRUCTURE\BST\DEBUG\VC110.PDB
E:\CODING\PROGRAMMS\DATA_STRUCTURE\DEBUG\BST.ILK
E:\CODING\PROGRAMMS\DATA_STRUCTURE\DEBUG\BST.EXE
E:\CODING\PROGRAMMS\DATA_STRUCTURE\DEBUG\BST.PDB
E:\Coding\Programms\Data_structure\BST\Debug\Source.obj
E:\Coding\Programms\Data_structure\BST\Debug\cl.command.1.tlog
E:\Coding\Programms\Data_structure\BST\Debug\CL.read.1.tlog
E:\Coding\Programms\Data_structure\BST\Debug\CL.write.1.tlog
E:\Coding\Programms\Data_structure\BST\Debug\link-cvtres.read.1.tlog
E:\Coding\Programms\Data_structure\BST\Debug\link-cvtres.write.1.tlog
E:\Coding\Programms\Data_structure\BST\Debug\link-rc.read.1.tlog
E:\Coding\Programms\Data_structure\BST\Debug\link-rc.write.1.tlog
E:\Coding\Programms\Data_structure\BST\Debug\link.1092-cvtres.read.1.tlog
E:\Coding\Programms\Data_structure\BST\Debug\link.1092-cvtres.write.1.tlog
E:\Coding\Programms\Data_structure\BST\Debug\link.1092-rc.read.1.tlog
E:\Coding\Programms\Data_structure\BST\Debug\link.1092-rc.write.1.tlog
E:\Coding\Programms\Data_structure\BST\Debug\link.1092.read.1.tlog
E:\Coding\Programms\Data_structure\BST\Debug\link.1092.write.1.tlog
E:\Coding\Programms\Data_structure\BST\Debug\link.3500-cvtres.read.1.tlog
E:\Coding\Programms\Data_structure\BST\Debug\link.3500-cvtres.write.1.tlog
E:\Coding\Programms\Data_structure\BST\Debug\link.3500-rc.read.1.tlog
E:\Coding\Programms\Data_structure\BST\Debug\link.3500-rc.write.1.tlog
E:\Coding\Programms\Data_structure\BST\Debug\link.3500.read.1.tlog
E:\Coding\Programms\Data_structure\BST\Debug\link.3500.write.1.tlog
E:\Coding\Programms\Data_structure\BST\Debug\link.3924-cvtres.read.1.tlog
E:\Coding\Programms\Data_structure\BST\Debug\link.3924-cvtres.write.1.tlog
E:\Coding\Programms\Data_structure\BST\Debug\link.3924-rc.read.1.tlog
E:\Coding\Programms\Data_structure\BST\Debug\link.3924-rc.write.1.tlog
E:\Coding\Programms\Data_structure\BST\Debug\link.3924.read.1.tlog
E:\Coding\Programms\Data_structure\BST\Debug\link.3924.write.1.tlog
E:\Coding\Programms\Data_structure\BST\Debug\link.4320-cvtres.read.1.tlog
E:\Coding\Programms\Data_structure\BST\Debug\link.4320-cvtres.write.1.tlog
E:\Coding\Programms\Data_structure\BST\Debug\link.4320-rc.read.1.tlog
E:\Coding\Programms\Data_structure\BST\Debug\link.4320-rc.write.1.tlog
E:\Coding\Programms\Data_structure\BST\Debug\link.4320.read.1.tlog
E:\Coding\Programms\Data_structure\BST\Debug\link.4320.write.1.tlog
E:\Coding\Programms\Data_structure\BST\Debug\link.4992-cvtres.read.1.tlog
E:\Coding\Programms\Data_structure\BST\Debug\link.4992-cvtres.write.1.tlog
E:\Coding\Programms\Data_structure\BST\Debug\link.4992-rc.read.1.tlog
E:\Coding\Programms\Data_structure\BST\Debug\link.4992-rc.write.1.tlog
E:\Coding\Programms\Data_structure\BST\Debug\link.4992.read.1.tlog
E:\Coding\Programms\Data_structure\BST\Debug\link.4992.write.1.tlog
E:\Coding\Programms\Data_structure\BST\Debug\link.948-cvtres.read.1.tlog
E:\Coding\Programms\Data_structure\BST\Debug\link.948-cvtres.write.1.tlog
E:\Coding\Programms\Data_structure\BST\Debug\link.948-rc.read.1.tlog
E:\Coding\Programms\Data_structure\BST\Debug\link.948-rc.write.1.tlog
E:\Coding\Programms\Data_structure\BST\Debug\link.948.read.1.tlog
E:\Coding\Programms\Data_structure\BST\Debug\link.948.write.1.tlog
E:\Coding\Programms\Data_structure\BST\Debug\link.command.1.tlog
E:\Coding\Programms\Data_structure\BST\Debug\link.read.1.tlog
E:\Coding\Programms\Data_structure\BST\Debug\link.write.1.tlog
E:\Coding\Programms\Data_structure\BST\Debug\vc110.idb
E:\Coding\Programms\Data_structure\BST\Debug\vc110.pdb
E:\Coding\Programms\Data_structure\Debug\BST.pdb
E:\Coding\Programms\Data_structure\Debug\BST.exe
E:\Coding\Programms\Data_structure\Debug\BST.ilk
