E:\CODING\PROGRAMMS\DATA_STRUCTURE\BINARY_TREE\DEBUG\HEAP_SORT.OBJ
E:\CODING\PROGRAMMS\DATA_STRUCTURE\BINARY_TREE\DEBUG\MAIN.OBJ
E:\CODING\PROGRAMMS\DATA_STRUCTURE\BINARY_TREE\DEBUG\VC110.PDB
E:\CODING\PROGRAMMS\DATA_STRUCTURE\DEBUG\BINARY_TREE.ILK
E:\CODING\PROGRAMMS\DATA_STRUCTURE\DEBUG\BINARY_TREE.EXE
E:\CODING\PROGRAMMS\DATA_STRUCTURE\DEBUG\BINARY_TREE.PDB
E:\Coding\Programms\Data_structure\binary_tree\Debug\heap_sort.obj
E:\Coding\Programms\Data_structure\binary_tree\Debug\main.obj
E:\Coding\Programms\Data_structure\binary_tree\Debug\cl.command.1.tlog
E:\Coding\Programms\Data_structure\binary_tree\Debug\CL.read.1.tlog
E:\Coding\Programms\Data_structure\binary_tree\Debug\CL.write.1.tlog
E:\Coding\Programms\Data_structure\binary_tree\Debug\link-cvtres.read.1.tlog
E:\Coding\Programms\Data_structure\binary_tree\Debug\link-cvtres.write.1.tlog
E:\Coding\Programms\Data_structure\binary_tree\Debug\link-rc.read.1.tlog
E:\Coding\Programms\Data_structure\binary_tree\Debug\link-rc.write.1.tlog
E:\Coding\Programms\Data_structure\binary_tree\Debug\link.command.1.tlog
E:\Coding\Programms\Data_structure\binary_tree\Debug\link.read.1.tlog
E:\Coding\Programms\Data_structure\binary_tree\Debug\link.write.1.tlog
E:\Coding\Programms\Data_structure\binary_tree\Debug\vc110.idb
E:\Coding\Programms\Data_structure\binary_tree\Debug\vc110.pdb
E:\Coding\Programms\Data_structure\Debug\binary_tree.pdb
E:\Coding\Programms\Data_structure\Debug\binary_tree.exe
E:\Coding\Programms\Data_structure\Debug\binary_tree.ilk
