E:\CODING\PROGRAMMS\DATA_STRUCTURE\BINARY_TREE\DEBUG\HEAP_SORT.OBJ
E:\CODING\PROGRAMMS\DATA_STRUCTURE\BINARY_TREE\DEBUG\MAIN.OBJ
E:\CODING\PROGRAMMS\DATA_STRUCTURE\BINARY_TREE\DEBUG\VC110.PDB
E:\CODING\PROGRAMMS\DATA_STRUCTURE\DEBUG\TREE.ILK
E:\CODING\PROGRAMMS\DATA_STRUCTURE\DEBUG\TREE.EXE
E:\CODING\PROGRAMMS\DATA_STRUCTURE\DEBUG\TREE.PDB
E:\Coding\Programms\Data_structure\binary_tree\Debug\heap_sort.obj
E:\Coding\Programms\Data_structure\binary_tree\Debug\main.obj
E:\Coding\Programms\Data_structure\binary_tree\Debug\cl.command.1.tlog
E:\Coding\Programms\Data_structure\binary_tree\Debug\CL.read.1.tlog
E:\Coding\Programms\Data_structure\binary_tree\Debug\CL.write.1.tlog
E:\Coding\Programms\Data_structure\binary_tree\Debug\link-cvtres.read.1.tlog
E:\Coding\Programms\Data_structure\binary_tree\Debug\link-cvtres.write.1.tlog
E:\Coding\Programms\Data_structure\binary_tree\Debug\link-rc.read.1.tlog
E:\Coding\Programms\Data_structure\binary_tree\Debug\link-rc.write.1.tlog
E:\Coding\Programms\Data_structure\binary_tree\Debug\link.1368-cvtres.read.1.tlog
E:\Coding\Programms\Data_structure\binary_tree\Debug\link.1368-cvtres.write.1.tlog
E:\Coding\Programms\Data_structure\binary_tree\Debug\link.1368-rc.read.1.tlog
E:\Coding\Programms\Data_structure\binary_tree\Debug\link.1368-rc.write.1.tlog
E:\Coding\Programms\Data_structure\binary_tree\Debug\link.1368.read.1.tlog
E:\Coding\Programms\Data_structure\binary_tree\Debug\link.1368.write.1.tlog
E:\Coding\Programms\Data_structure\binary_tree\Debug\link.1876-cvtres.read.1.tlog
E:\Coding\Programms\Data_structure\binary_tree\Debug\link.1876-cvtres.write.1.tlog
E:\Coding\Programms\Data_structure\binary_tree\Debug\link.1876-rc.read.1.tlog
E:\Coding\Programms\Data_structure\binary_tree\Debug\link.1876-rc.write.1.tlog
E:\Coding\Programms\Data_structure\binary_tree\Debug\link.1876.read.1.tlog
E:\Coding\Programms\Data_structure\binary_tree\Debug\link.1876.write.1.tlog
E:\Coding\Programms\Data_structure\binary_tree\Debug\link.2152-cvtres.read.1.tlog
E:\Coding\Programms\Data_structure\binary_tree\Debug\link.2152-cvtres.write.1.tlog
E:\Coding\Programms\Data_structure\binary_tree\Debug\link.2152-rc.read.1.tlog
E:\Coding\Programms\Data_structure\binary_tree\Debug\link.2152-rc.write.1.tlog
E:\Coding\Programms\Data_structure\binary_tree\Debug\link.2152.read.1.tlog
E:\Coding\Programms\Data_structure\binary_tree\Debug\link.2152.write.1.tlog
E:\Coding\Programms\Data_structure\binary_tree\Debug\link.2172-cvtres.read.1.tlog
E:\Coding\Programms\Data_structure\binary_tree\Debug\link.2172-cvtres.write.1.tlog
E:\Coding\Programms\Data_structure\binary_tree\Debug\link.2172-rc.read.1.tlog
E:\Coding\Programms\Data_structure\binary_tree\Debug\link.2172-rc.write.1.tlog
E:\Coding\Programms\Data_structure\binary_tree\Debug\link.2172.read.1.tlog
E:\Coding\Programms\Data_structure\binary_tree\Debug\link.2172.write.1.tlog
E:\Coding\Programms\Data_structure\binary_tree\Debug\link.2764-cvtres.read.1.tlog
E:\Coding\Programms\Data_structure\binary_tree\Debug\link.2764-cvtres.write.1.tlog
E:\Coding\Programms\Data_structure\binary_tree\Debug\link.2764-rc.read.1.tlog
E:\Coding\Programms\Data_structure\binary_tree\Debug\link.2764-rc.write.1.tlog
E:\Coding\Programms\Data_structure\binary_tree\Debug\link.2764.read.1.tlog
E:\Coding\Programms\Data_structure\binary_tree\Debug\link.2764.write.1.tlog
E:\Coding\Programms\Data_structure\binary_tree\Debug\link.3440-cvtres.read.1.tlog
E:\Coding\Programms\Data_structure\binary_tree\Debug\link.3440-cvtres.write.1.tlog
E:\Coding\Programms\Data_structure\binary_tree\Debug\link.3440-rc.read.1.tlog
E:\Coding\Programms\Data_structure\binary_tree\Debug\link.3440-rc.write.1.tlog
E:\Coding\Programms\Data_structure\binary_tree\Debug\link.3440.read.1.tlog
E:\Coding\Programms\Data_structure\binary_tree\Debug\link.3440.write.1.tlog
E:\Coding\Programms\Data_structure\binary_tree\Debug\link.3776-cvtres.read.1.tlog
E:\Coding\Programms\Data_structure\binary_tree\Debug\link.3776-cvtres.write.1.tlog
E:\Coding\Programms\Data_structure\binary_tree\Debug\link.3776-rc.read.1.tlog
E:\Coding\Programms\Data_structure\binary_tree\Debug\link.3776-rc.write.1.tlog
E:\Coding\Programms\Data_structure\binary_tree\Debug\link.3776.read.1.tlog
E:\Coding\Programms\Data_structure\binary_tree\Debug\link.3776.write.1.tlog
E:\Coding\Programms\Data_structure\binary_tree\Debug\link.4208-cvtres.read.1.tlog
E:\Coding\Programms\Data_structure\binary_tree\Debug\link.4208-cvtres.write.1.tlog
E:\Coding\Programms\Data_structure\binary_tree\Debug\link.4208-rc.read.1.tlog
E:\Coding\Programms\Data_structure\binary_tree\Debug\link.4208-rc.write.1.tlog
E:\Coding\Programms\Data_structure\binary_tree\Debug\link.4208.read.1.tlog
E:\Coding\Programms\Data_structure\binary_tree\Debug\link.4208.write.1.tlog
E:\Coding\Programms\Data_structure\binary_tree\Debug\link.4904-cvtres.read.1.tlog
E:\Coding\Programms\Data_structure\binary_tree\Debug\link.4904-cvtres.write.1.tlog
E:\Coding\Programms\Data_structure\binary_tree\Debug\link.4904-rc.read.1.tlog
E:\Coding\Programms\Data_structure\binary_tree\Debug\link.4904-rc.write.1.tlog
E:\Coding\Programms\Data_structure\binary_tree\Debug\link.4904.read.1.tlog
E:\Coding\Programms\Data_structure\binary_tree\Debug\link.4904.write.1.tlog
E:\Coding\Programms\Data_structure\binary_tree\Debug\link.command.1.tlog
E:\Coding\Programms\Data_structure\binary_tree\Debug\link.read.1.tlog
E:\Coding\Programms\Data_structure\binary_tree\Debug\link.write.1.tlog
E:\Coding\Programms\Data_structure\binary_tree\Debug\vc110.idb
E:\Coding\Programms\Data_structure\binary_tree\Debug\vc110.pdb
E:\Coding\Programms\Data_structure\Debug\tree.pdb
E:\Coding\Programms\Data_structure\Debug\tree.exe
E:\Coding\Programms\Data_structure\Debug\tree.ilk
