E:\CODING\PROGRAMMS\DATA_STRUCTURE\CONSOLEAPPLICATION1\DEBUG\SOURCE.OBJ
E:\CODING\PROGRAMMS\DATA_STRUCTURE\CONSOLEAPPLICATION1\DEBUG\VC110.PDB
E:\CODING\PROGRAMMS\DATA_STRUCTURE\DEBUG\CONSOLEAPPLICATION1.ILK
E:\CODING\PROGRAMMS\DATA_STRUCTURE\DEBUG\CONSOLEAPPLICATION1.EXE
E:\CODING\PROGRAMMS\DATA_STRUCTURE\DEBUG\CONSOLEAPPLICATION1.PDB
E:\Coding\Programms\Data_structure\ConsoleApplication1\Debug\Source.obj
E:\Coding\Programms\Data_structure\ConsoleApplication1\Debug\cl.command.1.tlog
E:\Coding\Programms\Data_structure\ConsoleApplication1\Debug\CL.read.1.tlog
E:\Coding\Programms\Data_structure\ConsoleApplication1\Debug\CL.write.1.tlog
E:\Coding\Programms\Data_structure\ConsoleApplication1\Debug\link-cvtres.read.1.tlog
E:\Coding\Programms\Data_structure\ConsoleApplication1\Debug\link-cvtres.write.1.tlog
E:\Coding\Programms\Data_structure\ConsoleApplication1\Debug\link-rc.read.1.tlog
E:\Coding\Programms\Data_structure\ConsoleApplication1\Debug\link-rc.write.1.tlog
E:\Coding\Programms\Data_structure\ConsoleApplication1\Debug\link.command.1.tlog
E:\Coding\Programms\Data_structure\ConsoleApplication1\Debug\link.read.1.tlog
E:\Coding\Programms\Data_structure\ConsoleApplication1\Debug\link.write.1.tlog
E:\Coding\Programms\Data_structure\ConsoleApplication1\Debug\vc110.idb
E:\Coding\Programms\Data_structure\ConsoleApplication1\Debug\vc110.pdb
E:\Coding\Programms\Data_structure\Debug\ConsoleApplication1.pdb
E:\Coding\Programms\Data_structure\Debug\ConsoleApplication1.exe
E:\Coding\Programms\Data_structure\Debug\ConsoleApplication1.ilk
